Mon Dec 20 08:40:53 2021       
+-----------------------------------------------------------------------------+
| NVIDIA-SMI 495.44       Driver Version: 495.44       CUDA Version: 11.5     |
|-------------------------------+----------------------+----------------------+
| GPU  Name        Persistence-M| Bus-Id        Disp.A | Volatile Uncorr. ECC |
| Fan  Temp  Perf  Pwr:Usage/Cap|         Memory-Usage | GPU-Util  Compute M. |
|                               |                      |               MIG M. |
|===============================+======================+======================|
|   0  NVIDIA A100-PCI...  On   | 00000000:3B:00.0 Off |                    0 |
| N/A   39C    P0    34W / 250W |      0MiB / 40536MiB |      0%      Default |
|                               |                      |             Disabled |
+-------------------------------+----------------------+----------------------+
|   1  NVIDIA A100-PCI...  On   | 00000000:5E:00.0 Off |                    0 |
| N/A   32C    P0    35W / 250W |      0MiB / 40536MiB |      0%      Default |
|                               |                      |             Disabled |
+-------------------------------+----------------------+----------------------+
|   2  NVIDIA A100-PCI...  On   | 00000000:86:00.0 Off |                    0 |
| N/A   32C    P0    33W / 250W |      0MiB / 40536MiB |      0%      Default |
|                               |                      |             Disabled |
+-------------------------------+----------------------+----------------------+
|   3  NVIDIA A100-PCI...  On   | 00000000:AF:00.0 Off |                    0 |
| N/A   31C    P0    32W / 250W |      0MiB / 40536MiB |      0%      Default |
|                               |                      |             Disabled |
+-------------------------------+----------------------+----------------------+
                                                                               
+-----------------------------------------------------------------------------+
| Processes:                                                                  |
|  GPU   GI   CI        PID   Type   Process name                  GPU Memory |
|        ID   ID                                                   Usage      |
|=============================================================================|
|  No running processes found                                                 |
+-----------------------------------------------------------------------------+
2021-12-20 08:41:29,333 - mmdet - INFO - Environment info:
------------------------------------------------------------
sys.platform: linux
Python: 3.7.11 (default, Jul 27 2021, 14:32:16) [GCC 7.5.0]
CUDA available: True
GPU 0,1,2,3: NVIDIA A100-PCIE-40GB
CUDA_HOME: None
GCC: The system install of this program, gcc, has been hidden from view.
PyTorch: 1.7.0
PyTorch compiling details: PyTorch built with:
  - GCC 7.3
  - C++ Version: 201402
  - Intel(R) oneAPI Math Kernel Library Version 2021.4-Product Build 20210904 for Intel(R) 64 architecture applications
  - Intel(R) MKL-DNN v1.6.0 (Git Hash 5ef631a030a6f73131c77892041042805a06064f)
  - OpenMP 201511 (a.k.a. OpenMP 4.5)
  - NNPACK is enabled
  - CPU capability usage: AVX2
  - CUDA Runtime 11.0
  - NVCC architecture flags: -gencode;arch=compute_37,code=sm_37;-gencode;arch=compute_50,code=sm_50;-gencode;arch=compute_60,code=sm_60;-gencode;arch=compute_61,code=sm_61;-gencode;arch=compute_70,code=sm_70;-gencode;arch=compute_75,code=sm_75;-gencode;arch=compute_80,code=sm_80;-gencode;arch=compute_37,code=compute_37
  - CuDNN 8.0.3
  - Magma 2.5.2
  - Build settings: BLAS=MKL, BUILD_TYPE=Release, CXX_FLAGS= -Wno-deprecated -fvisibility-inlines-hidden -DUSE_PTHREADPOOL -fopenmp -DNDEBUG -DUSE_FBGEMM -DUSE_QNNPACK -DUSE_PYTORCH_QNNPACK -DUSE_XNNPACK -DUSE_VULKAN_WRAPPER -O2 -fPIC -Wno-narrowing -Wall -Wextra -Werror=return-type -Wno-missing-field-initializers -Wno-type-limits -Wno-array-bounds -Wno-unknown-pragmas -Wno-sign-compare -Wno-unused-parameter -Wno-unused-variable -Wno-unused-function -Wno-unused-result -Wno-unused-local-typedefs -Wno-strict-overflow -Wno-strict-aliasing -Wno-error=deprecated-declarations -Wno-stringop-overflow -Wno-psabi -Wno-error=pedantic -Wno-error=redundant-decls -Wno-error=old-style-cast -fdiagnostics-color=always -faligned-new -Wno-unused-but-set-variable -Wno-maybe-uninitialized -fno-math-errno -fno-trapping-math -Werror=format -Wno-stringop-overflow, PERF_WITH_AVX=1, PERF_WITH_AVX2=1, PERF_WITH_AVX512=1, USE_CUDA=ON, USE_EXCEPTION_PTR=1, USE_GFLAGS=OFF, USE_GLOG=OFF, USE_MKL=ON, USE_MKLDNN=ON, USE_MPI=OFF, USE_NCCL=ON, USE_NNPACK=ON, USE_OPENMP=ON, 

TorchVision: 0.8.0
OpenCV: 4.5.4
MMCV: 1.4.0
MMCV Compiler: GCC 7.3
MMCV CUDA Compiler: 11.0
MMDetection: 2.17.0+5682dbe
------------------------------------------------------------

2021-12-20 08:41:33,260 - mmdet - INFO - Distributed training: True
2021-12-20 08:41:37,266 - mmdet - INFO - Config:
dataset_type = 'CocoDataset'
data_root = '../data/coco/'
img_norm_cfg = dict(
    mean=[123.675, 116.28, 103.53], std=[58.395, 57.12, 57.375], to_rgb=True)
train_pipeline = [
    dict(type='LoadImageFromFile'),
    dict(
        type='LoadAnnotations', with_bbox=True, with_mask=True, with_seg=True),
    dict(
        type='Resize',
        img_scale=[(1333, 1200), (1333, 400)],
        multiscale_mode='range',
        keep_ratio=True),
    dict(type='RandomFlip', flip_ratio=0.5),
    dict(
        type='Normalize',
        mean=[123.675, 116.28, 103.53],
        std=[58.395, 57.12, 57.375],
        to_rgb=True),
    dict(type='Pad', size_divisor=32),
    dict(type='SegRescale', scale_factor=0.125),
    dict(type='DefaultFormatBundle'),
    dict(
        type='Collect',
        keys=['img', 'gt_bboxes', 'gt_labels', 'gt_masks', 'gt_semantic_seg'])
]
test_pipeline = [
    dict(type='LoadImageFromFile'),
    dict(
        type='MultiScaleFlipAug',
        img_scale=[(1200, 800), (1500, 1000), (1800, 1200), (2100, 1400),
                   (2400, 1600)],
        flip=False,
        transforms=[
            dict(type='Resize', keep_ratio=True),
            dict(type='RandomFlip', flip_ratio=0.5),
            dict(
                type='Normalize',
                mean=[123.675, 116.28, 103.53],
                std=[58.395, 57.12, 57.375],
                to_rgb=True),
            dict(type='Pad', size_divisor=32),
            dict(type='ImageToTensor', keys=['img']),
            dict(type='Collect', keys=['img'])
        ])
]
data = dict(
    samples_per_gpu=2,
    workers_per_gpu=2,
    train=dict(
        type='CocoDataset',
        ann_file='../data/coco/annotations/instances_train2017.json',
        img_prefix='../data/coco/train2017/',
        pipeline=[
            dict(type='LoadImageFromFile'),
            dict(
                type='LoadAnnotations',
                with_bbox=True,
                with_mask=True,
                with_seg=True),
            dict(
                type='Resize',
                img_scale=[(1333, 1200), (1333, 400)],
                multiscale_mode='range',
                keep_ratio=True),
            dict(type='RandomFlip', flip_ratio=0.5),
            dict(
                type='Normalize',
                mean=[123.675, 116.28, 103.53],
                std=[58.395, 57.12, 57.375],
                to_rgb=True),
            dict(type='Pad', size_divisor=32),
            dict(type='SegRescale', scale_factor=0.125),
            dict(type='DefaultFormatBundle'),
            dict(
                type='Collect',
                keys=[
                    'img', 'gt_bboxes', 'gt_labels', 'gt_masks',
                    'gt_semantic_seg'
                ])
        ],
        seg_prefix='../data/coco/stuffthingmaps/train2017/'),
    val=dict(
        type='CocoDataset',
        ann_file='../data/coco/annotations/instances_val2017.json',
        img_prefix='../data/coco/val2017/',
        pipeline=[
            dict(type='LoadImageFromFile'),
            dict(
                type='MultiScaleFlipAug',
                img_scale=[(1200, 800), (1500, 1000), (1800, 1200),
                           (2100, 1400), (2400, 1600)],
                flip=False,
                transforms=[
                    dict(type='Resize', keep_ratio=True),
                    dict(type='RandomFlip', flip_ratio=0.5),
                    dict(
                        type='Normalize',
                        mean=[123.675, 116.28, 103.53],
                        std=[58.395, 57.12, 57.375],
                        to_rgb=True),
                    dict(type='Pad', size_divisor=32),
                    dict(type='ImageToTensor', keys=['img']),
                    dict(type='Collect', keys=['img'])
                ])
        ]),
    test=dict(
        type='CocoDataset',
        ann_file='../data/coco/annotations/instances_val2017.json',
        img_prefix='../data/coco/val2017/',
        pipeline=[
            dict(type='LoadImageFromFile'),
            dict(
                type='MultiScaleFlipAug',
                img_scale=[(1200, 800), (1500, 1000), (1800, 1200),
                           (2100, 1400), (2400, 1600)],
                flip=False,
                transforms=[
                    dict(type='Resize', keep_ratio=True),
                    dict(type='RandomFlip', flip_ratio=0.5),
                    dict(
                        type='Normalize',
                        mean=[123.675, 116.28, 103.53],
                        std=[58.395, 57.12, 57.375],
                        to_rgb=True),
                    dict(type='Pad', size_divisor=32),
                    dict(type='ImageToTensor', keys=['img']),
                    dict(type='Collect', keys=['img'])
                ])
        ]))
evaluation = dict(metric=['bbox', 'segm'])
optimizer = dict(type='SGD', lr=0.005, momentum=0.9, weight_decay=0.0001)
optimizer_config = dict(grad_clip=None)
lr_config = dict(
    policy='step',
    warmup='linear',
    warmup_iters=500,
    warmup_ratio=0.001,
    step=[7, 10])
runner = dict(type='EpochBasedRunner', max_epochs=12)
checkpoint_config = dict(interval=1)
log_config = dict(
    interval=50,
    hooks=[dict(type='TextLoggerHook'),
           dict(type='TensorboardLoggerHook')])
custom_hooks = [dict(type='NumClassCheckHook')]
dist_params = dict(backend='nccl')
log_level = 'INFO'
load_from = None
resume_from = None
workflow = [('train', 1)]
model = dict(
    type='HybridTaskCascade',
    backbone=dict(
        type='DetectoRS_ResNet',
        depth=50,
        num_stages=4,
        out_indices=(0, 1, 2, 3),
        frozen_stages=1,
        norm_cfg=dict(type='BN', requires_grad=True),
        norm_eval=True,
        style='pytorch',
        init_cfg=dict(type='Pretrained', checkpoint='torchvision://resnet50'),
        conv_cfg=dict(type='ConvAWS'),
        sac=dict(type='SAC', use_deform=True),
        stage_with_sac=(False, True, True, True),
        output_img=True),
    neck=dict(
        type='RFP',
        in_channels=[256, 512, 1024, 2048],
        out_channels=256,
        num_outs=5,
        rfp_steps=2,
        aspp_out_channels=64,
        aspp_dilations=(1, 3, 6, 1),
        rfp_backbone=dict(
            rfp_inplanes=256,
            type='DetectoRS_ResNet',
            depth=50,
            num_stages=4,
            out_indices=(0, 1, 2, 3),
            frozen_stages=1,
            norm_cfg=dict(type='BN', requires_grad=True),
            norm_eval=True,
            conv_cfg=dict(type='ConvAWS'),
            sac=dict(type='SAC', use_deform=True),
            stage_with_sac=(False, True, True, True),
            pretrained='torchvision://resnet50',
            style='pytorch')),
    rpn_head=dict(
        type='RPNHead',
        in_channels=256,
        feat_channels=256,
        anchor_generator=dict(
            type='AnchorGenerator',
            scales=[8],
            ratios=[0.5, 1.0, 2.0],
            strides=[4, 8, 16, 32, 64]),
        bbox_coder=dict(
            type='DeltaXYWHBBoxCoder',
            target_means=[0.0, 0.0, 0.0, 0.0],
            target_stds=[1.0, 1.0, 1.0, 1.0]),
        loss_cls=dict(
            type='CrossEntropyLoss', use_sigmoid=True, loss_weight=1.0),
        loss_bbox=dict(
            type='SmoothL1Loss', beta=0.1111111111111111, loss_weight=1.0)),
    roi_head=dict(
        type='HybridTaskCascadeRoIHead',
        interleaved=True,
        mask_info_flow=True,
        num_stages=3,
        stage_loss_weights=[1, 0.5, 0.25],
        bbox_roi_extractor=dict(
            type='SingleRoIExtractor',
            roi_layer=dict(type='RoIAlign', output_size=7, sampling_ratio=0),
            out_channels=256,
            featmap_strides=[4, 8, 16, 32]),
        bbox_head=[
            dict(
                type='Shared2FCBBoxHead',
                in_channels=256,
                fc_out_channels=1024,
                roi_feat_size=7,
                num_classes=80,
                bbox_coder=dict(
                    type='DeltaXYWHBBoxCoder',
                    target_means=[0.0, 0.0, 0.0, 0.0],
                    target_stds=[0.1, 0.1, 0.2, 0.2]),
                reg_class_agnostic=True,
                loss_cls=dict(
                    type='CrossEntropyLoss',
                    use_sigmoid=False,
                    loss_weight=1.0),
                loss_bbox=dict(type='SmoothL1Loss', beta=1.0,
                               loss_weight=1.0)),
            dict(
                type='Shared2FCBBoxHead',
                in_channels=256,
                fc_out_channels=1024,
                roi_feat_size=7,
                num_classes=80,
                bbox_coder=dict(
                    type='DeltaXYWHBBoxCoder',
                    target_means=[0.0, 0.0, 0.0, 0.0],
                    target_stds=[0.05, 0.05, 0.1, 0.1]),
                reg_class_agnostic=True,
                loss_cls=dict(
                    type='CrossEntropyLoss',
                    use_sigmoid=False,
                    loss_weight=1.0),
                loss_bbox=dict(type='SmoothL1Loss', beta=1.0,
                               loss_weight=1.0)),
            dict(
                type='Shared2FCBBoxHead',
                in_channels=256,
                fc_out_channels=1024,
                roi_feat_size=7,
                num_classes=80,
                bbox_coder=dict(
                    type='DeltaXYWHBBoxCoder',
                    target_means=[0.0, 0.0, 0.0, 0.0],
                    target_stds=[0.033, 0.033, 0.067, 0.067]),
                reg_class_agnostic=True,
                loss_cls=dict(
                    type='CrossEntropyLoss',
                    use_sigmoid=False,
                    loss_weight=1.0),
                loss_bbox=dict(type='SmoothL1Loss', beta=1.0, loss_weight=1.0))
        ],
        mask_roi_extractor=dict(
            type='SingleRoIExtractor',
            roi_layer=dict(type='RoIAlign', output_size=14, sampling_ratio=0),
            out_channels=256,
            featmap_strides=[4, 8, 16, 32]),
        mask_head=[
            dict(
                type='HTCMaskHead',
                with_conv_res=False,
                num_convs=4,
                in_channels=256,
                conv_out_channels=256,
                num_classes=80,
                loss_mask=dict(
                    type='CrossEntropyLoss', use_mask=True, loss_weight=1.0)),
            dict(
                type='HTCMaskHead',
                num_convs=4,
                in_channels=256,
                conv_out_channels=256,
                num_classes=80,
                loss_mask=dict(
                    type='CrossEntropyLoss', use_mask=True, loss_weight=1.0)),
            dict(
                type='HTCMaskHead',
                num_convs=4,
                in_channels=256,
                conv_out_channels=256,
                num_classes=80,
                loss_mask=dict(
                    type='CrossEntropyLoss', use_mask=True, loss_weight=1.0))
        ],
        semantic_roi_extractor=dict(
            type='SingleRoIExtractor',
            roi_layer=dict(type='RoIAlign', output_size=14, sampling_ratio=0),
            out_channels=256,
            featmap_strides=[8]),
        semantic_head=dict(
            type='FusedSemanticHead',
            num_ins=5,
            fusion_level=1,
            num_convs=4,
            in_channels=256,
            conv_out_channels=256,
            num_classes=183,
            loss_seg=dict(
                type='CrossEntropyLoss', ignore_index=255, loss_weight=0.2))),
    train_cfg=dict(
        rpn=dict(
            assigner=dict(
                type='MaxIoUAssigner',
                pos_iou_thr=0.7,
                neg_iou_thr=0.3,
                min_pos_iou=0.3,
                ignore_iof_thr=-1),
            sampler=dict(
                type='RandomSampler',
                num=256,
                pos_fraction=0.5,
                neg_pos_ub=-1,
                add_gt_as_proposals=False),
            allowed_border=0,
            pos_weight=-1,
            debug=False),
        rpn_proposal=dict(
            nms_pre=2000,
            max_per_img=2000,
            nms=dict(type='nms', iou_threshold=0.7),
            min_bbox_size=0),
        rcnn=[
            dict(
                assigner=dict(
                    type='MaxIoUAssigner',
                    pos_iou_thr=0.5,
                    neg_iou_thr=0.5,
                    min_pos_iou=0.5,
                    ignore_iof_thr=-1),
                sampler=dict(
                    type='RandomSampler',
                    num=512,
                    pos_fraction=0.25,
                    neg_pos_ub=-1,
                    add_gt_as_proposals=True),
                mask_size=28,
                pos_weight=-1,
                debug=False),
            dict(
                assigner=dict(
                    type='MaxIoUAssigner',
                    pos_iou_thr=0.6,
                    neg_iou_thr=0.6,
                    min_pos_iou=0.6,
                    ignore_iof_thr=-1),
                sampler=dict(
                    type='RandomSampler',
                    num=512,
                    pos_fraction=0.25,
                    neg_pos_ub=-1,
                    add_gt_as_proposals=True),
                mask_size=28,
                pos_weight=-1,
                debug=False),
            dict(
                assigner=dict(
                    type='MaxIoUAssigner',
                    pos_iou_thr=0.7,
                    neg_iou_thr=0.7,
                    min_pos_iou=0.7,
                    ignore_iof_thr=-1),
                sampler=dict(
                    type='RandomSampler',
                    num=512,
                    pos_fraction=0.25,
                    neg_pos_ub=-1,
                    add_gt_as_proposals=True),
                mask_size=28,
                pos_weight=-1,
                debug=False)
        ]),
    test_cfg=dict(
        rpn=dict(
            nms_pre=1000,
            max_per_img=1000,
            nms=dict(type='nms', iou_threshold=0.7),
            min_bbox_size=0),
        rcnn=dict(
            score_thr=0.001,
            nms=dict(type='nms', iou_threshold=0.5),
            max_per_img=100,
            mask_thr_binary=0.5)))
work_dir = 'log/test'
gpu_ids = range(0, 4)

/home/jcl3689/testmmdet/mmdet/core/anchor/builder.py:17: UserWarning: ``build_anchor_generator`` would be deprecated soon, please use ``build_prior_generator`` 
  '``build_anchor_generator`` would be deprecated soon, please use '
/home/jcl3689/testmmdet/mmdet/core/anchor/builder.py:17: UserWarning: ``build_anchor_generator`` would be deprecated soon, please use ``build_prior_generator`` 
  '``build_anchor_generator`` would be deprecated soon, please use '
/home/jcl3689/testmmdet/mmdet/core/anchor/builder.py:17: UserWarning: ``build_anchor_generator`` would be deprecated soon, please use ``build_prior_generator`` 
  '``build_anchor_generator`` would be deprecated soon, please use '
/home/jcl3689/testmmdet/mmdet/core/anchor/builder.py:17: UserWarning: ``build_anchor_generator`` would be deprecated soon, please use ``build_prior_generator`` 
  '``build_anchor_generator`` would be deprecated soon, please use '
2021-12-20 08:41:43,046 - mmdet - INFO - load checkpoint from torchvision path: torchvision://resnet50
2021-12-20 08:41:44,479 - mmdet - WARNING - The model and loaded state dict do not match exactly

unexpected key in source state_dict: fc.weight, fc.bias

missing keys in source state_dict: layer2.0.conv2.weight_diff, layer2.0.conv2.switch.weight, layer2.0.conv2.switch.bias, layer2.0.conv2.pre_context.weight, layer2.0.conv2.pre_context.bias, layer2.0.conv2.post_context.weight, layer2.0.conv2.post_context.bias, layer2.0.conv2.offset_s.weight, layer2.0.conv2.offset_s.bias, layer2.0.conv2.offset_l.weight, layer2.0.conv2.offset_l.bias, layer2.1.conv2.weight_diff, layer2.1.conv2.switch.weight, layer2.1.conv2.switch.bias, layer2.1.conv2.pre_context.weight, layer2.1.conv2.pre_context.bias, layer2.1.conv2.post_context.weight, layer2.1.conv2.post_context.bias, layer2.1.conv2.offset_s.weight, layer2.1.conv2.offset_s.bias, layer2.1.conv2.offset_l.weight, layer2.1.conv2.offset_l.bias, layer2.2.conv2.weight_diff, layer2.2.conv2.switch.weight, layer2.2.conv2.switch.bias, layer2.2.conv2.pre_context.weight, layer2.2.conv2.pre_context.bias, layer2.2.conv2.post_context.weight, layer2.2.conv2.post_context.bias, layer2.2.conv2.offset_s.weight, layer2.2.conv2.offset_s.bias, layer2.2.conv2.offset_l.weight, layer2.2.conv2.offset_l.bias, layer2.3.conv2.weight_diff, layer2.3.conv2.switch.weight, layer2.3.conv2.switch.bias, layer2.3.conv2.pre_context.weight, layer2.3.conv2.pre_context.bias, layer2.3.conv2.post_context.weight, layer2.3.conv2.post_context.bias, layer2.3.conv2.offset_s.weight, layer2.3.conv2.offset_s.bias, layer2.3.conv2.offset_l.weight, layer2.3.conv2.offset_l.bias, layer3.0.conv2.weight_diff, layer3.0.conv2.switch.weight, layer3.0.conv2.switch.bias, layer3.0.conv2.pre_context.weight, layer3.0.conv2.pre_context.bias, layer3.0.conv2.post_context.weight, layer3.0.conv2.post_context.bias, layer3.0.conv2.offset_s.weight, layer3.0.conv2.offset_s.bias, layer3.0.conv2.offset_l.weight, layer3.0.conv2.offset_l.bias, layer3.1.conv2.weight_diff, layer3.1.conv2.switch.weight, layer3.1.conv2.switch.bias, layer3.1.conv2.pre_context.weight, layer3.1.conv2.pre_context.bias, layer3.1.conv2.post_context.weight, layer3.1.conv2.post_context.bias, layer3.1.conv2.offset_s.weight, layer3.1.conv2.offset_s.bias, layer3.1.conv2.offset_l.weight, layer3.1.conv2.offset_l.bias, layer3.2.conv2.weight_diff, layer3.2.conv2.switch.weight, layer3.2.conv2.switch.bias, layer3.2.conv2.pre_context.weight, layer3.2.conv2.pre_context.bias, layer3.2.conv2.post_context.weight, layer3.2.conv2.post_context.bias, layer3.2.conv2.offset_s.weight, layer3.2.conv2.offset_s.bias, layer3.2.conv2.offset_l.weight, layer3.2.conv2.offset_l.bias, layer3.3.conv2.weight_diff, layer3.3.conv2.switch.weight, layer3.3.conv2.switch.bias, layer3.3.conv2.pre_context.weight, layer3.3.conv2.pre_context.bias, layer3.3.conv2.post_context.weight, layer3.3.conv2.post_context.bias, layer3.3.conv2.offset_s.weight, layer3.3.conv2.offset_s.bias, layer3.3.conv2.offset_l.weight, layer3.3.conv2.offset_l.bias, layer3.4.conv2.weight_diff, layer3.4.conv2.switch.weight, layer3.4.conv2.switch.bias, layer3.4.conv2.pre_context.weight, layer3.4.conv2.pre_context.bias, layer3.4.conv2.post_context.weight, layer3.4.conv2.post_context.bias, layer3.4.conv2.offset_s.weight, layer3.4.conv2.offset_s.bias, layer3.4.conv2.offset_l.weight, layer3.4.conv2.offset_l.bias, layer3.5.conv2.weight_diff, layer3.5.conv2.switch.weight, layer3.5.conv2.switch.bias, layer3.5.conv2.pre_context.weight, layer3.5.conv2.pre_context.bias, layer3.5.conv2.post_context.weight, layer3.5.conv2.post_context.bias, layer3.5.conv2.offset_s.weight, layer3.5.conv2.offset_s.bias, layer3.5.conv2.offset_l.weight, layer3.5.conv2.offset_l.bias, layer4.0.conv2.weight_diff, layer4.0.conv2.switch.weight, layer4.0.conv2.switch.bias, layer4.0.conv2.pre_context.weight, layer4.0.conv2.pre_context.bias, layer4.0.conv2.post_context.weight, layer4.0.conv2.post_context.bias, layer4.0.conv2.offset_s.weight, layer4.0.conv2.offset_s.bias, layer4.0.conv2.offset_l.weight, layer4.0.conv2.offset_l.bias, layer4.1.conv2.weight_diff, layer4.1.conv2.switch.weight, layer4.1.conv2.switch.bias, layer4.1.conv2.pre_context.weight, layer4.1.conv2.pre_context.bias, layer4.1.conv2.post_context.weight, layer4.1.conv2.post_context.bias, layer4.1.conv2.offset_s.weight, layer4.1.conv2.offset_s.bias, layer4.1.conv2.offset_l.weight, layer4.1.conv2.offset_l.bias, layer4.2.conv2.weight_diff, layer4.2.conv2.switch.weight, layer4.2.conv2.switch.bias, layer4.2.conv2.pre_context.weight, layer4.2.conv2.pre_context.bias, layer4.2.conv2.post_context.weight, layer4.2.conv2.post_context.bias, layer4.2.conv2.offset_s.weight, layer4.2.conv2.offset_s.bias, layer4.2.conv2.offset_l.weight, layer4.2.conv2.offset_l.bias

2021-12-20 08:41:44,612 - mmdet - INFO - load checkpoint from torchvision path: torchvision://resnet50
2021-12-20 08:41:46,392 - mmdet - WARNING - The model and loaded state dict do not match exactly

unexpected key in source state_dict: fc.weight, fc.bias

missing keys in source state_dict: layer2.0.conv2.weight_diff, layer2.0.conv2.switch.weight, layer2.0.conv2.switch.bias, layer2.0.conv2.pre_context.weight, layer2.0.conv2.pre_context.bias, layer2.0.conv2.post_context.weight, layer2.0.conv2.post_context.bias, layer2.0.conv2.offset_s.weight, layer2.0.conv2.offset_s.bias, layer2.0.conv2.offset_l.weight, layer2.0.conv2.offset_l.bias, layer2.0.rfp_conv.weight, layer2.0.rfp_conv.bias, layer2.1.conv2.weight_diff, layer2.1.conv2.switch.weight, layer2.1.conv2.switch.bias, layer2.1.conv2.pre_context.weight, layer2.1.conv2.pre_context.bias, layer2.1.conv2.post_context.weight, layer2.1.conv2.post_context.bias, layer2.1.conv2.offset_s.weight, layer2.1.conv2.offset_s.bias, layer2.1.conv2.offset_l.weight, layer2.1.conv2.offset_l.bias, layer2.2.conv2.weight_diff, layer2.2.conv2.switch.weight, layer2.2.conv2.switch.bias, layer2.2.conv2.pre_context.weight, layer2.2.conv2.pre_context.bias, layer2.2.conv2.post_context.weight, layer2.2.conv2.post_context.bias, layer2.2.conv2.offset_s.weight, layer2.2.conv2.offset_s.bias, layer2.2.conv2.offset_l.weight, layer2.2.conv2.offset_l.bias, layer2.3.conv2.weight_diff, layer2.3.conv2.switch.weight, layer2.3.conv2.switch.bias, layer2.3.conv2.pre_context.weight, layer2.3.conv2.pre_context.bias, layer2.3.conv2.post_context.weight, layer2.3.conv2.post_context.bias, layer2.3.conv2.offset_s.weight, layer2.3.conv2.offset_s.bias, layer2.3.conv2.offset_l.weight, layer2.3.conv2.offset_l.bias, layer3.0.conv2.weight_diff, layer3.0.conv2.switch.weight, layer3.0.conv2.switch.bias, layer3.0.conv2.pre_context.weight, layer3.0.conv2.pre_context.bias, layer3.0.conv2.post_context.weight, layer3.0.conv2.post_context.bias, layer3.0.conv2.offset_s.weight, layer3.0.conv2.offset_s.bias, layer3.0.conv2.offset_l.weight, layer3.0.conv2.offset_l.bias, layer3.0.rfp_conv.weight, layer3.0.rfp_conv.bias, layer3.1.conv2.weight_diff, layer3.1.conv2.switch.weight, layer3.1.conv2.switch.bias, layer3.1.conv2.pre_context.weight, layer3.1.conv2.pre_context.bias, layer3.1.conv2.post_context.weight, layer3.1.conv2.post_context.bias, layer3.1.conv2.offset_s.weight, layer3.1.conv2.offset_s.bias, layer3.1.conv2.offset_l.weight, layer3.1.conv2.offset_l.bias, layer3.2.conv2.weight_diff, layer3.2.conv2.switch.weight, layer3.2.conv2.switch.bias, layer3.2.conv2.pre_context.weight, layer3.2.conv2.pre_context.bias, layer3.2.conv2.post_context.weight, layer3.2.conv2.post_context.bias, layer3.2.conv2.offset_s.weight, layer3.2.conv2.offset_s.bias, layer3.2.conv2.offset_l.weight, layer3.2.conv2.offset_l.bias, layer3.3.conv2.weight_diff, layer3.3.conv2.switch.weight, layer3.3.conv2.switch.bias, layer3.3.conv2.pre_context.weight, layer3.3.conv2.pre_context.bias, layer3.3.conv2.post_context.weight, layer3.3.conv2.post_context.bias, layer3.3.conv2.offset_s.weight, layer3.3.conv2.offset_s.bias, layer3.3.conv2.offset_l.weight, layer3.3.conv2.offset_l.bias, layer3.4.conv2.weight_diff, layer3.4.conv2.switch.weight, layer3.4.conv2.switch.bias, layer3.4.conv2.pre_context.weight, layer3.4.conv2.pre_context.bias, layer3.4.conv2.post_context.weight, layer3.4.conv2.post_context.bias, layer3.4.conv2.offset_s.weight, layer3.4.conv2.offset_s.bias, layer3.4.conv2.offset_l.weight, layer3.4.conv2.offset_l.bias, layer3.5.conv2.weight_diff, layer3.5.conv2.switch.weight, layer3.5.conv2.switch.bias, layer3.5.conv2.pre_context.weight, layer3.5.conv2.pre_context.bias, layer3.5.conv2.post_context.weight, layer3.5.conv2.post_context.bias, layer3.5.conv2.offset_s.weight, layer3.5.conv2.offset_s.bias, layer3.5.conv2.offset_l.weight, layer3.5.conv2.offset_l.bias, layer4.0.conv2.weight_diff, layer4.0.conv2.switch.weight, layer4.0.conv2.switch.bias, layer4.0.conv2.pre_context.weight, layer4.0.conv2.pre_context.bias, layer4.0.conv2.post_context.weight, layer4.0.conv2.post_context.bias, layer4.0.conv2.offset_s.weight, layer4.0.conv2.offset_s.bias, layer4.0.conv2.offset_l.weight, layer4.0.conv2.offset_l.bias, layer4.0.rfp_conv.weight, layer4.0.rfp_conv.bias, layer4.1.conv2.weight_diff, layer4.1.conv2.switch.weight, layer4.1.conv2.switch.bias, layer4.1.conv2.pre_context.weight, layer4.1.conv2.pre_context.bias, layer4.1.conv2.post_context.weight, layer4.1.conv2.post_context.bias, layer4.1.conv2.offset_s.weight, layer4.1.conv2.offset_s.bias, layer4.1.conv2.offset_l.weight, layer4.1.conv2.offset_l.bias, layer4.2.conv2.weight_diff, layer4.2.conv2.switch.weight, layer4.2.conv2.switch.bias, layer4.2.conv2.pre_context.weight, layer4.2.conv2.pre_context.bias, layer4.2.conv2.post_context.weight, layer4.2.conv2.post_context.bias, layer4.2.conv2.offset_s.weight, layer4.2.conv2.offset_s.bias, layer4.2.conv2.offset_l.weight, layer4.2.conv2.offset_l.bias

2021-12-20 08:41:46,476 - mmdet - INFO - initialize RPNHead with init_cfg {'type': 'Normal', 'layer': 'Conv2d', 'std': 0.01}
2021-12-20 08:41:46,483 - mmdet - INFO - initialize Shared2FCBBoxHead with init_cfg [{'type': 'Normal', 'std': 0.01, 'override': {'name': 'fc_cls'}}, {'type': 'Normal', 'std': 0.001, 'override': {'name': 'fc_reg'}}, {'type': 'Xavier', 'layer': 'Linear', 'override': [{'name': 'shared_fcs'}, {'name': 'cls_fcs'}, {'name': 'reg_fcs'}]}]
2021-12-20 08:41:47,555 - mmdet - INFO - initialize Shared2FCBBoxHead with init_cfg [{'type': 'Normal', 'std': 0.01, 'override': {'name': 'fc_cls'}}, {'type': 'Normal', 'std': 0.001, 'override': {'name': 'fc_reg'}}, {'type': 'Xavier', 'layer': 'Linear', 'override': [{'name': 'shared_fcs'}, {'name': 'cls_fcs'}, {'name': 'reg_fcs'}]}]
2021-12-20 08:41:48,616 - mmdet - INFO - initialize Shared2FCBBoxHead with init_cfg [{'type': 'Normal', 'std': 0.01, 'override': {'name': 'fc_cls'}}, {'type': 'Normal', 'std': 0.001, 'override': {'name': 'fc_reg'}}, {'type': 'Xavier', 'layer': 'Linear', 'override': [{'name': 'shared_fcs'}, {'name': 'cls_fcs'}, {'name': 'reg_fcs'}]}]
2021-12-20 08:41:49,753 - mmdet - INFO - initialize FusedSemanticHead with init_cfg {'type': 'Kaiming', 'override': {'name': 'conv_logits'}}
loading annotations into memory...
loading annotations into memory...
loading annotations into memory...
loading annotations into memory...
Done (t=54.69s)
creating index...
Done (t=55.26s)
creating index...
Done (t=55.42s)
creating index...
Done (t=55.93s)
creating index...
index created!
index created!
index created!
index created!
loading annotations into memory...
loading annotations into memory...
loading annotations into memory...
loading annotations into memory...
Done (t=1.62s)
creating index...
Done (t=1.66s)
creating index...
Done (t=1.66s)
creating index...
Done (t=1.66s)
creating index...
index created!
index created!
index created!
index created!
2021-12-20 08:43:01,390 - mmdet - INFO - Start running, host: jcl3689@skl-a-46.rc.rit.edu, work_dir: /home/jcl3689/testmmdet/log/test
2021-12-20 08:43:01,402 - mmdet - INFO - Hooks will be executed in the following order:
before_run:
(VERY_HIGH   ) StepLrUpdaterHook                  
(NORMAL      ) CheckpointHook                     
(LOW         ) DistEvalHook                       
(VERY_LOW    ) TextLoggerHook                     
(VERY_LOW    ) TensorboardLoggerHook              
 -------------------- 
before_train_epoch:
(VERY_HIGH   ) StepLrUpdaterHook                  
(NORMAL      ) DistSamplerSeedHook                
(NORMAL      ) NumClassCheckHook                  
(LOW         ) IterTimerHook                      
(LOW         ) DistEvalHook                       
(VERY_LOW    ) TextLoggerHook                     
(VERY_LOW    ) TensorboardLoggerHook              
 -------------------- 
before_train_iter:
(VERY_HIGH   ) StepLrUpdaterHook                  
(LOW         ) IterTimerHook                      
(LOW         ) DistEvalHook                       
 -------------------- 
after_train_iter:
(ABOVE_NORMAL) OptimizerHook                      
(NORMAL      ) CheckpointHook                     
(LOW         ) IterTimerHook                      
(LOW         ) DistEvalHook                       
(VERY_LOW    ) TextLoggerHook                     
(VERY_LOW    ) TensorboardLoggerHook              
 -------------------- 
after_train_epoch:
(NORMAL      ) CheckpointHook                     
(LOW         ) DistEvalHook                       
(VERY_LOW    ) TextLoggerHook                     
(VERY_LOW    ) TensorboardLoggerHook              
 -------------------- 
before_val_epoch:
(NORMAL      ) DistSamplerSeedHook                
(NORMAL      ) NumClassCheckHook                  
(LOW         ) IterTimerHook                      
(VERY_LOW    ) TextLoggerHook                     
(VERY_LOW    ) TensorboardLoggerHook              
 -------------------- 
before_val_iter:
(LOW         ) IterTimerHook                      
 -------------------- 
after_val_iter:
(LOW         ) IterTimerHook                      
 -------------------- 
after_val_epoch:
(VERY_LOW    ) TextLoggerHook                     
(VERY_LOW    ) TensorboardLoggerHook              
 -------------------- 
after_run:
(VERY_LOW    ) TextLoggerHook                     
(VERY_LOW    ) TensorboardLoggerHook              
 -------------------- 
2021-12-20 08:43:01,403 - mmdet - INFO - workflow: [('train', 1)], max: 12 epochs
2021-12-20 08:43:01,403 - mmdet - INFO - Checkpoints will be saved to /home/jcl3689/testmmdet/log/test by HardDiskBackend.
/home/jcl3689/testmmdet/mmdet/core/anchor/anchor_generator.py:324: UserWarning: ``grid_anchors`` would be deprecated soon. Please use ``grid_priors`` 
  warnings.warn('``grid_anchors`` would be deprecated soon. '
/home/jcl3689/testmmdet/mmdet/core/anchor/anchor_generator.py:361: UserWarning: ``single_level_grid_anchors`` would be deprecated soon. Please use ``single_level_grid_priors`` 
  '``single_level_grid_anchors`` would be deprecated soon. '
/home/jcl3689/testmmdet/mmdet/core/anchor/anchor_generator.py:324: UserWarning: ``grid_anchors`` would be deprecated soon. Please use ``grid_priors`` 
  warnings.warn('``grid_anchors`` would be deprecated soon. '
/home/jcl3689/testmmdet/mmdet/core/anchor/anchor_generator.py:361: UserWarning: ``single_level_grid_anchors`` would be deprecated soon. Please use ``single_level_grid_priors`` 
  '``single_level_grid_anchors`` would be deprecated soon. '
/home/jcl3689/testmmdet/mmdet/core/anchor/anchor_generator.py:324: UserWarning: ``grid_anchors`` would be deprecated soon. Please use ``grid_priors`` 
  warnings.warn('``grid_anchors`` would be deprecated soon. '
/home/jcl3689/testmmdet/mmdet/core/anchor/anchor_generator.py:361: UserWarning: ``single_level_grid_anchors`` would be deprecated soon. Please use ``single_level_grid_priors`` 
  '``single_level_grid_anchors`` would be deprecated soon. '
/home/jcl3689/testmmdet/mmdet/core/anchor/anchor_generator.py:324: UserWarning: ``grid_anchors`` would be deprecated soon. Please use ``grid_priors`` 
  warnings.warn('``grid_anchors`` would be deprecated soon. '
/home/jcl3689/testmmdet/mmdet/core/anchor/anchor_generator.py:361: UserWarning: ``single_level_grid_anchors`` would be deprecated soon. Please use ``single_level_grid_priors`` 
  '``single_level_grid_anchors`` would be deprecated soon. '
2021-12-20 08:46:00,880 - mmcv - INFO - Reducer buckets have been rebuilt in this iteration.
2021-12-20 08:55:18,830 - mmdet - INFO - Epoch [1][50/14659]	lr: 4.945e-04, eta: 29 days, 19:19:17, time: 14.643, data_time: 3.189, memory: 38313, loss_rpn_cls: 0.6821, loss_rpn_bbox: 0.0811, loss_semantic_seg: 0.9896, s0.loss_cls: 0.6465, s0.acc: 91.0127, s0.loss_bbox: 0.0758, s0.loss_mask: 0.6946, s1.loss_cls: 0.8311, s1.acc: 85.8716, s1.loss_bbox: 0.0248, s1.loss_mask: 0.3501, s2.loss_cls: 0.1602, s2.acc: 89.3296, s2.loss_bbox: 0.0069, s2.loss_mask: 0.1767, loss: 4.7193
2021-12-20 09:04:29,903 - mmdet - INFO - Epoch [1][100/14659]	lr: 9.940e-04, eta: 26 days, 2:41:59, time: 11.022, data_time: 0.179, memory: 38313, loss_rpn_cls: 0.5236, loss_rpn_bbox: 0.0692, loss_semantic_seg: 0.6711, s0.loss_cls: 0.3600, s0.acc: 95.1494, s0.loss_bbox: 0.1037, s0.loss_mask: 0.6935, s1.loss_cls: 0.1141, s1.acc: 97.4170, s1.loss_bbox: 0.0314, s1.loss_mask: 0.3461, s2.loss_cls: 0.0402, s2.acc: 98.3223, s2.loss_bbox: 0.0054, s2.loss_mask: 0.1735, loss: 3.1320
2021-12-20 09:12:48,322 - mmdet - INFO - Epoch [1][150/14659]	lr: 1.494e-03, eta: 24 days, 3:53:51, time: 9.968, data_time: 0.159, memory: 38313, loss_rpn_cls: 0.2497, loss_rpn_bbox: 0.0713, loss_semantic_seg: 0.6227, s0.loss_cls: 0.4319, s0.acc: 93.4126, s0.loss_bbox: 0.1481, s0.loss_mask: 0.6932, s1.loss_cls: 0.1313, s1.acc: 96.5898, s1.loss_bbox: 0.0475, s1.loss_mask: 0.3451, s2.loss_cls: 0.0447, s2.acc: 97.9551, s2.loss_bbox: 0.0082, s2.loss_mask: 0.1732, loss: 2.9669
2021-12-20 09:20:14,143 - mmdet - INFO - Epoch [1][200/14659]	lr: 1.993e-03, eta: 22 days, 15:37:23, time: 8.919, data_time: 0.127, memory: 38313, loss_rpn_cls: 0.1981, loss_rpn_bbox: 0.0616, loss_semantic_seg: 0.5857, s0.loss_cls: 0.4494, s0.acc: 92.7617, s0.loss_bbox: 0.1660, s0.loss_mask: 0.6917, s1.loss_cls: 0.1344, s1.acc: 96.2280, s1.loss_bbox: 0.0585, s1.loss_mask: 0.3445, s2.loss_cls: 0.0434, s2.acc: 97.9302, s2.loss_bbox: 0.0096, s2.loss_mask: 0.1724, loss: 2.9154
2021-12-20 09:27:07,221 - mmdet - INFO - Epoch [1][250/14659]	lr: 2.493e-03, eta: 21 days, 11:22:54, time: 8.260, data_time: 0.130, memory: 38313, loss_rpn_cls: 0.1996, loss_rpn_bbox: 0.0713, loss_semantic_seg: 0.5548, s0.loss_cls: 0.5006, s0.acc: 91.7637, s0.loss_bbox: 0.1824, s0.loss_mask: 0.6891, s1.loss_cls: 0.1546, s1.acc: 95.4658, s1.loss_bbox: 0.0705, s1.loss_mask: 0.3423, s2.loss_cls: 0.0492, s2.acc: 97.5146, s2.loss_bbox: 0.0122, s2.loss_mask: 0.1711, loss: 2.9976
2021-12-20 09:34:18,061 - mmdet - INFO - Epoch [1][300/14659]	lr: 2.992e-03, eta: 20 days, 19:25:25, time: 8.618, data_time: 0.166, memory: 38313, loss_rpn_cls: 0.1594, loss_rpn_bbox: 0.0628, loss_semantic_seg: 0.5530, s0.loss_cls: 0.5016, s0.acc: 91.5332, s0.loss_bbox: 0.1975, s0.loss_mask: 0.6790, s1.loss_cls: 0.1599, s1.acc: 94.9678, s1.loss_bbox: 0.0840, s1.loss_mask: 0.3352, s2.loss_cls: 0.0492, s2.acc: 97.3354, s2.loss_bbox: 0.0170, s2.loss_mask: 0.1683, loss: 2.9669
